SLF4J: Class path contains multiple SLF4J bindings.
SLF4J: Found binding in [jar:file:/Users/extensions/Downloads/apache-tomcat-9.0.22/lib/slf4j-jdk14-1.7.25.jar!/org/slf4j/impl/StaticLoggerBinder.class]
SLF4J: Found binding in [jar:file:/Users/extensions/Downloads/apache-tomcat-9.0.22/lib/log4j-slf4j-impl-2.11.1.jar!/org/slf4j/impl/StaticLoggerBinder.class]
SLF4J: See http://www.slf4j.org/codes.html#multiple_bindings for an explanation.
SLF4J: Actual binding is of type [org.slf4j.impl.JDK14LoggerFactory]
10-Jul-2019 16:45:01.337 INFO [main] org.apache.catalina.startup.VersionLoggerListener.log Server version name:   Apache Tomcat/9.0.22
10-Jul-2019 16:45:01.338 INFO [main] org.apache.catalina.startup.VersionLoggerListener.log Server built:          Jul 4 2019 14:20:06 UTC
10-Jul-2019 16:45:01.338 INFO [main] org.apache.catalina.startup.VersionLoggerListener.log Server version number: 9.0.22.0
10-Jul-2019 16:45:01.338 INFO [main] org.apache.catalina.startup.VersionLoggerListener.log OS Name:               Mac OS X
10-Jul-2019 16:45:01.338 INFO [main] org.apache.catalina.startup.VersionLoggerListener.log OS Version:            10.14.4
10-Jul-2019 16:45:01.338 INFO [main] org.apache.catalina.startup.VersionLoggerListener.log Architecture:          x86_64
10-Jul-2019 16:45:01.338 INFO [main] org.apache.catalina.startup.VersionLoggerListener.log Java Home:             /Library/Java/JavaVirtualMachines/jdk1.8.0_172.jdk/Contents/Home/jre
10-Jul-2019 16:45:01.338 INFO [main] org.apache.catalina.startup.VersionLoggerListener.log JVM Version:           1.8.0_172-b11
10-Jul-2019 16:45:01.338 INFO [main] org.apache.catalina.startup.VersionLoggerListener.log JVM Vendor:            Oracle Corporation
10-Jul-2019 16:45:01.338 INFO [main] org.apache.catalina.startup.VersionLoggerListener.log CATALINA_BASE:         /Users/extensions/Downloads/apache-tomcat-9.0.22
10-Jul-2019 16:45:01.339 INFO [main] org.apache.catalina.startup.VersionLoggerListener.log CATALINA_HOME:         /Users/extensions/Downloads/apache-tomcat-9.0.22
10-Jul-2019 16:45:01.343 INFO [main] org.apache.catalina.startup.VersionLoggerListener.log Command line argument: -Djava.util.logging.config.file=/Users/extensions/Downloads/apache-tomcat-9.0.22/conf/logging.properties
10-Jul-2019 16:45:01.343 INFO [main] org.apache.catalina.startup.VersionLoggerListener.log Command line argument: -Djava.util.logging.manager=org.apache.juli.ClassLoaderLogManager
10-Jul-2019 16:45:01.343 INFO [main] org.apache.catalina.startup.VersionLoggerListener.log Command line argument: -Djdk.tls.ephemeralDHKeySize=2048
10-Jul-2019 16:45:01.343 INFO [main] org.apache.catalina.startup.VersionLoggerListener.log Command line argument: -Djava.protocol.handler.pkgs=org.apache.catalina.webresources
10-Jul-2019 16:45:01.343 INFO [main] org.apache.catalina.startup.VersionLoggerListener.log Command line argument: -Dorg.apache.catalina.security.SecurityListener.UMASK=0027
10-Jul-2019 16:45:01.343 INFO [main] org.apache.catalina.startup.VersionLoggerListener.log Command line argument: -Dignore.endorsed.dirs=
10-Jul-2019 16:45:01.343 INFO [main] org.apache.catalina.startup.VersionLoggerListener.log Command line argument: -Dcatalina.base=/Users/extensions/Downloads/apache-tomcat-9.0.22
10-Jul-2019 16:45:01.343 INFO [main] org.apache.catalina.startup.VersionLoggerListener.log Command line argument: -Dcatalina.home=/Users/extensions/Downloads/apache-tomcat-9.0.22
10-Jul-2019 16:45:01.343 INFO [main] org.apache.catalina.startup.VersionLoggerListener.log Command line argument: -Djava.io.tmpdir=/Users/extensions/Downloads/apache-tomcat-9.0.22/temp
10-Jul-2019 16:45:01.343 INFO [main] org.apache.catalina.core.AprLifecycleListener.lifecycleEvent The APR based Apache Tomcat Native library which allows optimal performance in production environments was not found on the java.library.path: [/Users/extensions/Library/Java/Extensions:/Library/Java/Extensions:/Network/Library/Java/Extensions:/System/Library/Java/Extensions:/usr/lib/java:.]
10-Jul-2019 16:45:01.563 INFO [main] org.apache.coyote.AbstractProtocol.init Initializing ProtocolHandler ["http-nio-8080"]
10-Jul-2019 16:45:01.586 INFO [main] org.apache.coyote.AbstractProtocol.init Initializing ProtocolHandler ["ajp-nio-8009"]
10-Jul-2019 16:45:01.588 INFO [main] org.apache.catalina.startup.Catalina.load Server initialization in [387] milliseconds
10-Jul-2019 16:45:02.095 INFO [main] org.apache.geode.modules.session.bootstrap.AbstractCache.lifecycleEvent Initializing Geode Modules
Build-Date: 2019-04-19 11:49:13 -0700
Build-Id: onichols 0
Build-Java-Version: 1.8.0_192
Build-Platform: Mac OS X 10.14.4 x86_64
Product-Name: Apache Geode
Product-Version: 1.9.0
Source-Date: 2019-04-19 11:11:31 -0700
Source-Repository: release/1.9.0
Source-Revision: c0a73d1cb84986d432003bd12e70175520e63597
Native version: native code unavailable
Running on: /169.254.238.56, 8 cpu(s), x86_64 Mac OS X 10.14.4 

10-Jul-2019 16:45:02.124 INFO [main] org.apache.geode.modules.session.bootstrap.AbstractCache.createDistributedSystemProperties Creating distributed system from: {log-file=/Users/extensions/Downloads/apache-tomcat-9.0.22/logs/gemfire_modules.2019-07-10.log, cache-xml-file=/Users/extensions/Downloads/apache-tomcat-9.0.22/conf/cache-client.xml}
10-Jul-2019 16:45:02.939 INFO [main] org.apache.geode.modules.session.bootstrap.ClientServerCache.createOrRetrieveCache Created GemFireCache[id = 2115087165; isClosing = false; isShutDownAll = false; created = Wed Jul 10 16:45:02 PDT 2019; server = false; copyOnRead = false; lockLease = 120; lockTimeout = 60]
10-Jul-2019 16:45:02.943 INFO [main] org.apache.catalina.core.StandardService.startInternal Starting service [Catalina]
10-Jul-2019 16:45:02.943 INFO [main] org.apache.catalina.core.StandardEngine.startInternal Starting Servlet engine: [Apache Tomcat/9.0.22]
10-Jul-2019 16:45:02.959 INFO [main] org.apache.catalina.startup.HostConfig.deployWAR Deploying web application archive [/Users/extensions/Downloads/apache-tomcat-9.0.22/webapps/SessionStateGradle-1.0-SNAPSHOT.war]
10-Jul-2019 16:45:03.026 INFO [main] org.apache.catalina.startup.ExpandWar.expand An expanded directory [/Users/extensions/Downloads/apache-tomcat-9.0.22/webapps/SessionStateGradle-1.0-SNAPSHOT] was found with a last modified time that did not match the associated WAR. It will be deleted.
10-Jul-2019 16:45:06.163 INFO [main] org.apache.jasper.servlet.TldScanner.scanJars At least one JAR was scanned for TLDs yet contained no TLDs. Enable debug logging for this logger for a complete list of JARs that were scanned but no TLDs were found in them. Skipping unneeded JARs during scanning can improve startup time and JSP compilation time.
10-Jul-2019 16:45:06.178 INFO [main] org.apache.geode.modules.session.catalina.CommitSessionValve.<init> Initialized
10-Jul-2019 16:45:06.292 INFO [main] org.apache.catalina.startup.HostConfig.deployWAR Deployment of web application archive [/Users/extensions/Downloads/apache-tomcat-9.0.22/webapps/SessionStateGradle-1.0-SNAPSHOT.war] has finished in [3,334] ms
10-Jul-2019 16:45:06.294 INFO [main] org.apache.coyote.AbstractProtocol.start Starting ProtocolHandler ["http-nio-8080"]
10-Jul-2019 16:45:06.299 INFO [main] org.apache.coyote.AbstractProtocol.start Starting ProtocolHandler ["ajp-nio-8009"]
10-Jul-2019 16:45:06.300 INFO [main] org.apache.catalina.startup.Catalina.start Server startup in [4,712] milliseconds
